2020-07-01 16:37:47 Notice: Notice (8): Undefined variable: users in [D:\Learning\yocket\pingpong\src\Controller\UsersController.php, line 24]
Request URL: /api/users.json
Trace:
Cake\Error\BaseErrorHandler::handleError() - CORE\src\Error\BaseErrorHandler.php, line 188
DebugKit\Plugin::DebugKit\{closure}() - ROOT\vendor\cakephp\debug_kit\src\Plugin.php, line 105
App\Controller\UsersController::index() - APP/Controller\UsersController.php, line 24
Cake\Controller\Controller::invokeAction() - CORE\src\Controller\Controller.php, line 521
Cake\Controller\ControllerFactory::invoke() - CORE\src\Controller\ControllerFactory.php, line 79
Cake\Http\BaseApplication::handle() - CORE\src\Http\BaseApplication.php, line 229
Cake\Http\Runner::handle() - CORE\src\Http\Runner.php, line 77
Cake\Http\Middleware\BodyParserMiddleware::process() - CORE\src\Http\Middleware\BodyParserMiddleware.php, line 159
Cake\Http\Runner::handle() - CORE\src\Http\Runner.php, line 73
Cake\Routing\Middleware\RoutingMiddleware::process() - CORE\src\Routing\Middleware\RoutingMiddleware.php, line 160
Cake\Http\Runner::handle() - CORE\src\Http\Runner.php, line 73
Cake\Routing\Middleware\AssetMiddleware::process() - CORE\src\Routing\Middleware\AssetMiddleware.php, line 77
Cake\Http\Runner::handle() - CORE\src\Http\Runner.php, line 73
Cake\Error\Middleware\ErrorHandlerMiddleware::process() - CORE\src\Error\Middleware\ErrorHandlerMiddleware.php, line 119
Cake\Http\Runner::handle() - CORE\src\Http\Runner.php, line 73
DebugKit\Middleware\DebugKitMiddleware::process() - ROOT\vendor\cakephp\debug_kit\src\Middleware\DebugKitMiddleware.php, line 60
Cake\Http\Runner::handle() - CORE\src\Http\Runner.php, line 73
Cake\Http\Runner::run() - CORE\src\Http\Runner.php, line 58
Cake\Http\Server::run() - CORE\src\Http\Server.php, line 90
[main] - ROOT\webroot\index.php, line 40



2020-07-04 11:32:32 Notice: Notice (8): Undefined variable: response in [D:\Learning\yocket\pingpong\src\Controller\UsersController.php, line 33]
Request URL: /api/users.json
Trace:
Cake\Error\BaseErrorHandler::handleError() - CORE\src\Error\BaseErrorHandler.php, line 188
DebugKit\Plugin::DebugKit\{closure}() - ROOT\vendor\cakephp\debug_kit\src\Plugin.php, line 105
App\Controller\UsersController::index() - APP/Controller\UsersController.php, line 33
Cake\Controller\Controller::invokeAction() - CORE\src\Controller\Controller.php, line 521
Cake\Controller\ControllerFactory::invoke() - CORE\src\Controller\ControllerFactory.php, line 79
Cake\Http\BaseApplication::handle() - CORE\src\Http\BaseApplication.php, line 229
Cake\Http\Runner::handle() - CORE\src\Http\Runner.php, line 77
Cake\Http\Middleware\BodyParserMiddleware::process() - CORE\src\Http\Middleware\BodyParserMiddleware.php, line 159
Cake\Http\Runner::handle() - CORE\src\Http\Runner.php, line 73
Cake\Routing\Middleware\RoutingMiddleware::process() - CORE\src\Routing\Middleware\RoutingMiddleware.php, line 160
Cake\Http\Runner::handle() - CORE\src\Http\Runner.php, line 73
Cake\Routing\Middleware\AssetMiddleware::process() - CORE\src\Routing\Middleware\AssetMiddleware.php, line 77
Cake\Http\Runner::handle() - CORE\src\Http\Runner.php, line 73
Cake\Error\Middleware\ErrorHandlerMiddleware::process() - CORE\src\Error\Middleware\ErrorHandlerMiddleware.php, line 119
Cake\Http\Runner::handle() - CORE\src\Http\Runner.php, line 73
DebugKit\Middleware\DebugKitMiddleware::process() - ROOT\vendor\cakephp\debug_kit\src\Middleware\DebugKitMiddleware.php, line 60
Cake\Http\Runner::handle() - CORE\src\Http\Runner.php, line 73
Cake\Http\Runner::run() - CORE\src\Http\Runner.php, line 58
Cake\Http\Server::run() - CORE\src\Http\Server.php, line 90
[main] - ROOT\webroot\index.php, line 40



2020-07-04 11:58:32 Notice: Notice (8): Undefined property: App\Middleware\CorsMiddleware::$response in [D:\Learning\yocket\pingpong\src\Middleware\CorsMiddleware.php, line 22]
Request URL: /api/users.json
Referer URL: http://localhost:8080/followPeople
Trace:
Cake\Error\BaseErrorHandler::handleError() - CORE\src\Error\BaseErrorHandler.php, line 188
DebugKit\Plugin::DebugKit\{closure}() - ROOT\vendor\cakephp\debug_kit\src\Plugin.php, line 105
App\Middleware\CorsMiddleware::process() - APP/Middleware\CorsMiddleware.php, line 22
Cake\Http\Runner::handle() - CORE\src\Http\Runner.php, line 73
Cake\Http\Middleware\BodyParserMiddleware::process() - CORE\src\Http\Middleware\BodyParserMiddleware.php, line 159
Cake\Http\Runner::handle() - CORE\src\Http\Runner.php, line 73
Cake\Routing\Middleware\RoutingMiddleware::process() - CORE\src\Routing\Middleware\RoutingMiddleware.php, line 160
Cake\Http\Runner::handle() - CORE\src\Http\Runner.php, line 73
Cake\Routing\Middleware\AssetMiddleware::process() - CORE\src\Routing\Middleware\AssetMiddleware.php, line 77
Cake\Http\Runner::handle() - CORE\src\Http\Runner.php, line 73
Cake\Error\Middleware\ErrorHandlerMiddleware::process() - CORE\src\Error\Middleware\ErrorHandlerMiddleware.php, line 119
Cake\Http\Runner::handle() - CORE\src\Http\Runner.php, line 73
DebugKit\Middleware\DebugKitMiddleware::process() - ROOT\vendor\cakephp\debug_kit\src\Middleware\DebugKitMiddleware.php, line 60
Cake\Http\Runner::handle() - CORE\src\Http\Runner.php, line 73
Cake\Http\Runner::run() - CORE\src\Http\Runner.php, line 58
Cake\Http\Server::run() - CORE\src\Http\Server.php, line 90
[main] - ROOT\webroot\index.php, line 40



2020-07-04 15:13:17 Notice: Notice (8): Undefined variable: users in [D:\Learning\yocket\pingpong\templates\Tweets\add.php, line 21]
Request URL: /api/tweets
Trace:
Cake\Error\BaseErrorHandler::handleError() - CORE\src\Error\BaseErrorHandler.php, line 188
DebugKit\Plugin::DebugKit\{closure}() - ROOT\vendor\cakephp\debug_kit\src\Plugin.php, line 105
include - ROOT\templates\Tweets\add.php, line 21
Cake\View\View::_evaluate() - CORE\src\View\View.php, line 1160
Cake\View\View::_render() - CORE\src\View\View.php, line 1121
Cake\View\View::render() - CORE\src\View\View.php, line 751
Cake\Controller\Controller::render() - CORE\src\Controller\Controller.php, line 688
Cake\Controller\Controller::invokeAction() - CORE\src\Controller\Controller.php, line 530
Cake\Controller\ControllerFactory::invoke() - CORE\src\Controller\ControllerFactory.php, line 79
Cake\Http\BaseApplication::handle() - CORE\src\Http\BaseApplication.php, line 229
Cake\Http\Runner::handle() - CORE\src\Http\Runner.php, line 77
App\Middleware\CorsMiddleware::process() - APP/Middleware\CorsMiddleware.php, line 20
Cake\Http\Runner::handle() - CORE\src\Http\Runner.php, line 73
Cake\Http\Middleware\BodyParserMiddleware::process() - CORE\src\Http\Middleware\BodyParserMiddleware.php, line 174
Cake\Http\Runner::handle() - CORE\src\Http\Runner.php, line 73
Cake\Routing\Middleware\RoutingMiddleware::process() - CORE\src\Routing\Middleware\RoutingMiddleware.php, line 160
Cake\Http\Runner::handle() - CORE\src\Http\Runner.php, line 73
Cake\Routing\Middleware\AssetMiddleware::process() - CORE\src\Routing\Middleware\AssetMiddleware.php, line 68
Cake\Http\Runner::handle() - CORE\src\Http\Runner.php, line 73
Cake\Error\Middleware\ErrorHandlerMiddleware::process() - CORE\src\Error\Middleware\ErrorHandlerMiddleware.php, line 119
Cake\Http\Runner::handle() - CORE\src\Http\Runner.php, line 73
DebugKit\Middleware\DebugKitMiddleware::process() - ROOT\vendor\cakephp\debug_kit\src\Middleware\DebugKitMiddleware.php, line 60
Cake\Http\Runner::handle() - CORE\src\Http\Runner.php, line 73
Cake\Http\Runner::run() - CORE\src\Http\Runner.php, line 58
Cake\Http\Server::run() - CORE\src\Http\Server.php, line 90
[main] - ROOT\webroot\index.php, line 40



2020-07-06 16:07:19 Notice: Notice (8): Trying to get property 'follower_id' of non-object in [D:\Learning\yocket\pingpong\src\Controller\UsersController.php, line 97]
Request URL: /api/users/follow.json
Trace:
Cake\Error\BaseErrorHandler::handleError() - CORE\src\Error\BaseErrorHandler.php, line 188
DebugKit\Plugin::DebugKit\{closure}() - ROOT\vendor\cakephp\debug_kit\src\Plugin.php, line 105
App\Controller\UsersController::follow() - APP/Controller\UsersController.php, line 97
Cake\Controller\Controller::invokeAction() - CORE\src\Controller\Controller.php, line 521
Cake\Controller\ControllerFactory::invoke() - CORE\src\Controller\ControllerFactory.php, line 79
Cake\Http\BaseApplication::handle() - CORE\src\Http\BaseApplication.php, line 229
Cake\Http\Runner::handle() - CORE\src\Http\Runner.php, line 77
Cake\Http\Middleware\BodyParserMiddleware::process() - CORE\src\Http\Middleware\BodyParserMiddleware.php, line 174
Cake\Http\Runner::handle() - CORE\src\Http\Runner.php, line 73
Cake\Routing\Middleware\RoutingMiddleware::process() - CORE\src\Routing\Middleware\RoutingMiddleware.php, line 160
Cake\Http\Runner::handle() - CORE\src\Http\Runner.php, line 73
Cake\Routing\Middleware\AssetMiddleware::process() - CORE\src\Routing\Middleware\AssetMiddleware.php, line 77
Cake\Http\Runner::handle() - CORE\src\Http\Runner.php, line 73
Cake\Error\Middleware\ErrorHandlerMiddleware::process() - CORE\src\Error\Middleware\ErrorHandlerMiddleware.php, line 119
Cake\Http\Runner::handle() - CORE\src\Http\Runner.php, line 73
App\Middleware\CorsMiddleware::process() - APP/Middleware\CorsMiddleware.php, line 20
Cake\Http\Runner::handle() - CORE\src\Http\Runner.php, line 73
DebugKit\Middleware\DebugKitMiddleware::process() - ROOT\vendor\cakephp\debug_kit\src\Middleware\DebugKitMiddleware.php, line 60
Cake\Http\Runner::handle() - CORE\src\Http\Runner.php, line 73
Cake\Http\Runner::run() - CORE\src\Http\Runner.php, line 58
Cake\Http\Server::run() - CORE\src\Http\Server.php, line 90
[main] - ROOT\webroot\index.php, line 40



2020-07-06 17:09:33 Notice: Notice (1024): Undefined property: UsersController::$Parent in D:\Learning\yocket\pingpong\src\Controller\UsersController.php on line 101 in [D:\Learning\yocket\pingpong\vendor\cakephp\cakephp\src\Controller\Controller.php, line 311]
Request URL: /api/users/follow.json
Trace:
Cake\Error\BaseErrorHandler::handleError() - CORE\src\Error\BaseErrorHandler.php, line 188
DebugKit\Plugin::DebugKit\{closure}() - ROOT\vendor\cakephp\debug_kit\src\Plugin.php, line 105
Cake\Controller\Controller::__get() - CORE\src\Controller\Controller.php, line 311
App\Controller\UsersController::follow() - APP/Controller\UsersController.php, line 101
Cake\Controller\Controller::invokeAction() - CORE\src\Controller\Controller.php, line 521
Cake\Controller\ControllerFactory::invoke() - CORE\src\Controller\ControllerFactory.php, line 79
Cake\Http\BaseApplication::handle() - CORE\src\Http\BaseApplication.php, line 229
Cake\Http\Runner::handle() - CORE\src\Http\Runner.php, line 77
Cake\Http\Middleware\BodyParserMiddleware::process() - CORE\src\Http\Middleware\BodyParserMiddleware.php, line 174
Cake\Http\Runner::handle() - CORE\src\Http\Runner.php, line 73
Cake\Routing\Middleware\RoutingMiddleware::process() - CORE\src\Routing\Middleware\RoutingMiddleware.php, line 160
Cake\Http\Runner::handle() - CORE\src\Http\Runner.php, line 73
Cake\Routing\Middleware\AssetMiddleware::process() - CORE\src\Routing\Middleware\AssetMiddleware.php, line 77
Cake\Http\Runner::handle() - CORE\src\Http\Runner.php, line 73
Cake\Error\Middleware\ErrorHandlerMiddleware::process() - CORE\src\Error\Middleware\ErrorHandlerMiddleware.php, line 119
Cake\Http\Runner::handle() - CORE\src\Http\Runner.php, line 73
App\Middleware\CorsMiddleware::process() - APP/Middleware\CorsMiddleware.php, line 20
Cake\Http\Runner::handle() - CORE\src\Http\Runner.php, line 73
DebugKit\Middleware\DebugKitMiddleware::process() - ROOT\vendor\cakephp\debug_kit\src\Middleware\DebugKitMiddleware.php, line 60
Cake\Http\Runner::handle() - CORE\src\Http\Runner.php, line 73
Cake\Http\Runner::run() - CORE\src\Http\Runner.php, line 58
Cake\Http\Server::run() - CORE\src\Http\Server.php, line 90
[main] - ROOT\webroot\index.php, line 40



2020-07-06 17:09:33 Notice: Notice (8): Trying to get property 'Child' of non-object in [D:\Learning\yocket\pingpong\src\Controller\UsersController.php, line 101]
Request URL: /api/users/follow.json
Trace:
Cake\Error\BaseErrorHandler::handleError() - CORE\src\Error\BaseErrorHandler.php, line 188
DebugKit\Plugin::DebugKit\{closure}() - ROOT\vendor\cakephp\debug_kit\src\Plugin.php, line 105
App\Controller\UsersController::follow() - APP/Controller\UsersController.php, line 101
Cake\Controller\Controller::invokeAction() - CORE\src\Controller\Controller.php, line 521
Cake\Controller\ControllerFactory::invoke() - CORE\src\Controller\ControllerFactory.php, line 79
Cake\Http\BaseApplication::handle() - CORE\src\Http\BaseApplication.php, line 229
Cake\Http\Runner::handle() - CORE\src\Http\Runner.php, line 77
Cake\Http\Middleware\BodyParserMiddleware::process() - CORE\src\Http\Middleware\BodyParserMiddleware.php, line 174
Cake\Http\Runner::handle() - CORE\src\Http\Runner.php, line 73
Cake\Routing\Middleware\RoutingMiddleware::process() - CORE\src\Routing\Middleware\RoutingMiddleware.php, line 160
Cake\Http\Runner::handle() - CORE\src\Http\Runner.php, line 73
Cake\Routing\Middleware\AssetMiddleware::process() - CORE\src\Routing\Middleware\AssetMiddleware.php, line 77
Cake\Http\Runner::handle() - CORE\src\Http\Runner.php, line 73
Cake\Error\Middleware\ErrorHandlerMiddleware::process() - CORE\src\Error\Middleware\ErrorHandlerMiddleware.php, line 119
Cake\Http\Runner::handle() - CORE\src\Http\Runner.php, line 73
App\Middleware\CorsMiddleware::process() - APP/Middleware\CorsMiddleware.php, line 20
Cake\Http\Runner::handle() - CORE\src\Http\Runner.php, line 73
DebugKit\Middleware\DebugKitMiddleware::process() - ROOT\vendor\cakephp\debug_kit\src\Middleware\DebugKitMiddleware.php, line 60
Cake\Http\Runner::handle() - CORE\src\Http\Runner.php, line 73
Cake\Http\Runner::run() - CORE\src\Http\Runner.php, line 58
Cake\Http\Server::run() - CORE\src\Http\Server.php, line 90
[main] - ROOT\webroot\index.php, line 40



2020-07-06 20:35:27 Notice: Notice (1024): Undefined property: FollowsController::$Users in D:\Learning\yocket\pingpong\src\Controller\FollowsController.php on line 54 in [D:\Learning\yocket\pingpong\vendor\cakephp\cakephp\src\Controller\Controller.php, line 311]
Request URL: /api/follows.json
Trace:
Cake\Error\BaseErrorHandler::handleError() - CORE\src\Error\BaseErrorHandler.php, line 188
DebugKit\Plugin::DebugKit\{closure}() - ROOT\vendor\cakephp\debug_kit\src\Plugin.php, line 105
Cake\Controller\Controller::__get() - CORE\src\Controller\Controller.php, line 311
App\Controller\FollowsController::add() - APP/Controller\FollowsController.php, line 54
Cake\Controller\Controller::invokeAction() - CORE\src\Controller\Controller.php, line 521
Cake\Controller\ControllerFactory::invoke() - CORE\src\Controller\ControllerFactory.php, line 79
Cake\Http\BaseApplication::handle() - CORE\src\Http\BaseApplication.php, line 229
Cake\Http\Runner::handle() - CORE\src\Http\Runner.php, line 77
Cake\Http\Middleware\BodyParserMiddleware::process() - CORE\src\Http\Middleware\BodyParserMiddleware.php, line 164
Cake\Http\Runner::handle() - CORE\src\Http\Runner.php, line 73
Cake\Routing\Middleware\RoutingMiddleware::process() - CORE\src\Routing\Middleware\RoutingMiddleware.php, line 160
Cake\Http\Runner::handle() - CORE\src\Http\Runner.php, line 73
Cake\Routing\Middleware\AssetMiddleware::process() - CORE\src\Routing\Middleware\AssetMiddleware.php, line 77
Cake\Http\Runner::handle() - CORE\src\Http\Runner.php, line 73
Cake\Error\Middleware\ErrorHandlerMiddleware::process() - CORE\src\Error\Middleware\ErrorHandlerMiddleware.php, line 119
Cake\Http\Runner::handle() - CORE\src\Http\Runner.php, line 73
App\Middleware\CorsMiddleware::process() - APP/Middleware\CorsMiddleware.php, line 20
Cake\Http\Runner::handle() - CORE\src\Http\Runner.php, line 73
DebugKit\Middleware\DebugKitMiddleware::process() - ROOT\vendor\cakephp\debug_kit\src\Middleware\DebugKitMiddleware.php, line 60
Cake\Http\Runner::handle() - CORE\src\Http\Runner.php, line 73
Cake\Http\Runner::run() - CORE\src\Http\Runner.php, line 58
Cake\Http\Server::run() - CORE\src\Http\Server.php, line 90
[main] - ROOT\webroot\index.php, line 40



2020-07-06 21:18:58 Notice: Notice (1024): Undefined property: UsersController::$Parent in D:\Learning\yocket\pingpong\src\Controller\UsersController.php on line 102 in [D:\Learning\yocket\pingpong\vendor\cakephp\cakephp\src\Controller\Controller.php, line 311]
Request URL: /api/users/follow.json
Trace:
Cake\Error\BaseErrorHandler::handleError() - CORE\src\Error\BaseErrorHandler.php, line 188
DebugKit\Plugin::DebugKit\{closure}() - ROOT\vendor\cakephp\debug_kit\src\Plugin.php, line 105
Cake\Controller\Controller::__get() - CORE\src\Controller\Controller.php, line 311
App\Controller\UsersController::follow() - APP/Controller\UsersController.php, line 102
Cake\Controller\Controller::invokeAction() - CORE\src\Controller\Controller.php, line 521
Cake\Controller\ControllerFactory::invoke() - CORE\src\Controller\ControllerFactory.php, line 79
Cake\Http\BaseApplication::handle() - CORE\src\Http\BaseApplication.php, line 229
Cake\Http\Runner::handle() - CORE\src\Http\Runner.php, line 77
Cake\Http\Middleware\BodyParserMiddleware::process() - CORE\src\Http\Middleware\BodyParserMiddleware.php, line 174
Cake\Http\Runner::handle() - CORE\src\Http\Runner.php, line 73
Cake\Routing\Middleware\RoutingMiddleware::process() - CORE\src\Routing\Middleware\RoutingMiddleware.php, line 160
Cake\Http\Runner::handle() - CORE\src\Http\Runner.php, line 73
Cake\Routing\Middleware\AssetMiddleware::process() - CORE\src\Routing\Middleware\AssetMiddleware.php, line 77
Cake\Http\Runner::handle() - CORE\src\Http\Runner.php, line 73
Cake\Error\Middleware\ErrorHandlerMiddleware::process() - CORE\src\Error\Middleware\ErrorHandlerMiddleware.php, line 119
Cake\Http\Runner::handle() - CORE\src\Http\Runner.php, line 73
App\Middleware\CorsMiddleware::process() - APP/Middleware\CorsMiddleware.php, line 20
Cake\Http\Runner::handle() - CORE\src\Http\Runner.php, line 73
DebugKit\Middleware\DebugKitMiddleware::process() - ROOT\vendor\cakephp\debug_kit\src\Middleware\DebugKitMiddleware.php, line 60
Cake\Http\Runner::handle() - CORE\src\Http\Runner.php, line 73
Cake\Http\Runner::run() - CORE\src\Http\Runner.php, line 58
Cake\Http\Server::run() - CORE\src\Http\Server.php, line 90
[main] - ROOT\webroot\index.php, line 40



2020-07-06 21:18:58 Notice: Notice (8): Trying to get property 'Child' of non-object in [D:\Learning\yocket\pingpong\src\Controller\UsersController.php, line 102]
Request URL: /api/users/follow.json
Trace:
Cake\Error\BaseErrorHandler::handleError() - CORE\src\Error\BaseErrorHandler.php, line 188
DebugKit\Plugin::DebugKit\{closure}() - ROOT\vendor\cakephp\debug_kit\src\Plugin.php, line 105
App\Controller\UsersController::follow() - APP/Controller\UsersController.php, line 102
Cake\Controller\Controller::invokeAction() - CORE\src\Controller\Controller.php, line 521
Cake\Controller\ControllerFactory::invoke() - CORE\src\Controller\ControllerFactory.php, line 79
Cake\Http\BaseApplication::handle() - CORE\src\Http\BaseApplication.php, line 229
Cake\Http\Runner::handle() - CORE\src\Http\Runner.php, line 77
Cake\Http\Middleware\BodyParserMiddleware::process() - CORE\src\Http\Middleware\BodyParserMiddleware.php, line 174
Cake\Http\Runner::handle() - CORE\src\Http\Runner.php, line 73
Cake\Routing\Middleware\RoutingMiddleware::process() - CORE\src\Routing\Middleware\RoutingMiddleware.php, line 160
Cake\Http\Runner::handle() - CORE\src\Http\Runner.php, line 73
Cake\Routing\Middleware\AssetMiddleware::process() - CORE\src\Routing\Middleware\AssetMiddleware.php, line 77
Cake\Http\Runner::handle() - CORE\src\Http\Runner.php, line 73
Cake\Error\Middleware\ErrorHandlerMiddleware::process() - CORE\src\Error\Middleware\ErrorHandlerMiddleware.php, line 119
Cake\Http\Runner::handle() - CORE\src\Http\Runner.php, line 73
App\Middleware\CorsMiddleware::process() - APP/Middleware\CorsMiddleware.php, line 20
Cake\Http\Runner::handle() - CORE\src\Http\Runner.php, line 73
DebugKit\Middleware\DebugKitMiddleware::process() - ROOT\vendor\cakephp\debug_kit\src\Middleware\DebugKitMiddleware.php, line 60
Cake\Http\Runner::handle() - CORE\src\Http\Runner.php, line 73
Cake\Http\Runner::run() - CORE\src\Http\Runner.php, line 58
Cake\Http\Server::run() - CORE\src\Http\Server.php, line 90
[main] - ROOT\webroot\index.php, line 40



2020-07-07 08:43:34 Notice: Notice (1024): Undefined property: UsersController::$Parent in D:\Learning\yocket\pingpong\src\Controller\UsersController.php on line 97 in [D:\Learning\yocket\pingpong\vendor\cakephp\cakephp\src\Controller\Controller.php, line 311]
Request URL: /api/users/follow.json
Trace:
Cake\Error\BaseErrorHandler::handleError() - CORE\src\Error\BaseErrorHandler.php, line 188
DebugKit\Plugin::DebugKit\{closure}() - ROOT\vendor\cakephp\debug_kit\src\Plugin.php, line 105
Cake\Controller\Controller::__get() - CORE\src\Controller\Controller.php, line 311
App\Controller\UsersController::follow() - APP/Controller\UsersController.php, line 97
Cake\Controller\Controller::invokeAction() - CORE\src\Controller\Controller.php, line 521
Cake\Controller\ControllerFactory::invoke() - CORE\src\Controller\ControllerFactory.php, line 79
Cake\Http\BaseApplication::handle() - CORE\src\Http\BaseApplication.php, line 229
Cake\Http\Runner::handle() - CORE\src\Http\Runner.php, line 77
Cake\Http\Middleware\BodyParserMiddleware::process() - CORE\src\Http\Middleware\BodyParserMiddleware.php, line 174
Cake\Http\Runner::handle() - CORE\src\Http\Runner.php, line 73
Cake\Routing\Middleware\RoutingMiddleware::process() - CORE\src\Routing\Middleware\RoutingMiddleware.php, line 160
Cake\Http\Runner::handle() - CORE\src\Http\Runner.php, line 73
Cake\Routing\Middleware\AssetMiddleware::process() - CORE\src\Routing\Middleware\AssetMiddleware.php, line 77
Cake\Http\Runner::handle() - CORE\src\Http\Runner.php, line 73
Cake\Error\Middleware\ErrorHandlerMiddleware::process() - CORE\src\Error\Middleware\ErrorHandlerMiddleware.php, line 119
Cake\Http\Runner::handle() - CORE\src\Http\Runner.php, line 73
App\Middleware\CorsMiddleware::process() - APP/Middleware\CorsMiddleware.php, line 20
Cake\Http\Runner::handle() - CORE\src\Http\Runner.php, line 73
DebugKit\Middleware\DebugKitMiddleware::process() - ROOT\vendor\cakephp\debug_kit\src\Middleware\DebugKitMiddleware.php, line 60
Cake\Http\Runner::handle() - CORE\src\Http\Runner.php, line 73
Cake\Http\Runner::run() - CORE\src\Http\Runner.php, line 58
Cake\Http\Server::run() - CORE\src\Http\Server.php, line 90
[main] - ROOT\webroot\index.php, line 40



2020-07-07 08:44:36 Notice: Notice (1024): Undefined property: UsersController::$Parent in D:\Learning\yocket\pingpong\src\Controller\UsersController.php on line 102 in [D:\Learning\yocket\pingpong\vendor\cakephp\cakephp\src\Controller\Controller.php, line 311]
Request URL: /api/users/follow.json
Trace:
Cake\Error\BaseErrorHandler::handleError() - CORE\src\Error\BaseErrorHandler.php, line 188
DebugKit\Plugin::DebugKit\{closure}() - ROOT\vendor\cakephp\debug_kit\src\Plugin.php, line 105
Cake\Controller\Controller::__get() - CORE\src\Controller\Controller.php, line 311
App\Controller\UsersController::follow() - APP/Controller\UsersController.php, line 102
Cake\Controller\Controller::invokeAction() - CORE\src\Controller\Controller.php, line 521
Cake\Controller\ControllerFactory::invoke() - CORE\src\Controller\ControllerFactory.php, line 79
Cake\Http\BaseApplication::handle() - CORE\src\Http\BaseApplication.php, line 229
Cake\Http\Runner::handle() - CORE\src\Http\Runner.php, line 77
Cake\Http\Middleware\BodyParserMiddleware::process() - CORE\src\Http\Middleware\BodyParserMiddleware.php, line 174
Cake\Http\Runner::handle() - CORE\src\Http\Runner.php, line 73
Cake\Routing\Middleware\RoutingMiddleware::process() - CORE\src\Routing\Middleware\RoutingMiddleware.php, line 160
Cake\Http\Runner::handle() - CORE\src\Http\Runner.php, line 73
Cake\Routing\Middleware\AssetMiddleware::process() - CORE\src\Routing\Middleware\AssetMiddleware.php, line 77
Cake\Http\Runner::handle() - CORE\src\Http\Runner.php, line 73
Cake\Error\Middleware\ErrorHandlerMiddleware::process() - CORE\src\Error\Middleware\ErrorHandlerMiddleware.php, line 119
Cake\Http\Runner::handle() - CORE\src\Http\Runner.php, line 73
App\Middleware\CorsMiddleware::process() - APP/Middleware\CorsMiddleware.php, line 20
Cake\Http\Runner::handle() - CORE\src\Http\Runner.php, line 73
DebugKit\Middleware\DebugKitMiddleware::process() - ROOT\vendor\cakephp\debug_kit\src\Middleware\DebugKitMiddleware.php, line 60
Cake\Http\Runner::handle() - CORE\src\Http\Runner.php, line 73
Cake\Http\Runner::run() - CORE\src\Http\Runner.php, line 58
Cake\Http\Server::run() - CORE\src\Http\Server.php, line 90
[main] - ROOT\webroot\index.php, line 40



2020-07-07 08:44:36 Notice: Notice (8): Trying to get property 'Child' of non-object in [D:\Learning\yocket\pingpong\src\Controller\UsersController.php, line 102]
Request URL: /api/users/follow.json
Trace:
Cake\Error\BaseErrorHandler::handleError() - CORE\src\Error\BaseErrorHandler.php, line 188
DebugKit\Plugin::DebugKit\{closure}() - ROOT\vendor\cakephp\debug_kit\src\Plugin.php, line 105
App\Controller\UsersController::follow() - APP/Controller\UsersController.php, line 102
Cake\Controller\Controller::invokeAction() - CORE\src\Controller\Controller.php, line 521
Cake\Controller\ControllerFactory::invoke() - CORE\src\Controller\ControllerFactory.php, line 79
Cake\Http\BaseApplication::handle() - CORE\src\Http\BaseApplication.php, line 229
Cake\Http\Runner::handle() - CORE\src\Http\Runner.php, line 77
Cake\Http\Middleware\BodyParserMiddleware::process() - CORE\src\Http\Middleware\BodyParserMiddleware.php, line 174
Cake\Http\Runner::handle() - CORE\src\Http\Runner.php, line 73
Cake\Routing\Middleware\RoutingMiddleware::process() - CORE\src\Routing\Middleware\RoutingMiddleware.php, line 160
Cake\Http\Runner::handle() - CORE\src\Http\Runner.php, line 73
Cake\Routing\Middleware\AssetMiddleware::process() - CORE\src\Routing\Middleware\AssetMiddleware.php, line 77
Cake\Http\Runner::handle() - CORE\src\Http\Runner.php, line 73
Cake\Error\Middleware\ErrorHandlerMiddleware::process() - CORE\src\Error\Middleware\ErrorHandlerMiddleware.php, line 119
Cake\Http\Runner::handle() - CORE\src\Http\Runner.php, line 73
App\Middleware\CorsMiddleware::process() - APP/Middleware\CorsMiddleware.php, line 20
Cake\Http\Runner::handle() - CORE\src\Http\Runner.php, line 73
DebugKit\Middleware\DebugKitMiddleware::process() - ROOT\vendor\cakephp\debug_kit\src\Middleware\DebugKitMiddleware.php, line 60
Cake\Http\Runner::handle() - CORE\src\Http\Runner.php, line 73
Cake\Http\Runner::run() - CORE\src\Http\Runner.php, line 58
Cake\Http\Server::run() - CORE\src\Http\Server.php, line 90
[main] - ROOT\webroot\index.php, line 40



